[+] File .\Assets\PixelFont(6x7).bmpx opened for reading.
[+] File size 16518
[+] FileName: PixelFont(6x7).bmpx
[+] File PixelFont(6x7).bmpx Successfully added to archive Assets.dat.
[+] File .\Assets\Suit0FacingDown0.bmpx opened for reading.
[+] File size 1078
[+] FileName: Suit0FacingDown0.bmpx
[+] File Suit0FacingDown0.bmpx Successfully added to archive Assets.dat.
[+] File .\Assets\Suit0FacingDown1.bmpx opened for reading.
[+] File size 1078
[+] FileName: Suit0FacingDown1.bmpx
[+] File Suit0FacingDown1.bmpx Successfully added to archive Assets.dat.
[+] File .\Assets\Suit0FacingDown2.bmpx opened for reading.
[+] File size 1078
[+] FileName: Suit0FacingDown2.bmpx
[+] File Suit0FacingDown2.bmpx Successfully added to archive Assets.dat.
[+] File .\Assets\Suit0FacingLeft0.bmpx opened for reading.
[+] File size 1078
[+] FileName: Suit0FacingLeft0.bmpx
[+] File Suit0FacingLeft0.bmpx Successfully added to archive Assets.dat.
[+] File .\Assets\Suit0FacingLeft1.bmpx opened for reading.
[+] File size 1078
[+] FileName: Suit0FacingLeft1.bmpx
[+] File Suit0FacingLeft1.bmpx Successfully added to archive Assets.dat.
[+] File .\Assets\Suit0FacingLeft2.bmpx opened for reading.
[+] File size 1078
[+] FileName: Suit0FacingLeft2.bmpx
[+] File Suit0FacingLeft2.bmpx Successfully added to archive Assets.dat.
[+] File .\Assets\Suit0FacingRight0.bmpx opened for reading.
[+] File size 1078
[+] FileName: Suit0FacingRight0.bmpx
[+] File Suit0FacingRight0.bmpx Successfully added to archive Assets.dat.
[+] File .\Assets\Suit0FacingRight1.bmpx opened for reading.
[+] File size 1078
[+] FileName: Suit0FacingRight1.bmpx
[+] File Suit0FacingRight1.bmpx Successfully added to archive Assets.dat.
[+] File .\Assets\Suit0FacingRight2.bmpx opened for reading.
[+] File size 1078
[+] FileName: Suit0FacingRight2.bmpx
[+] File Suit0FacingRight2.bmpx Successfully added to archive Assets.dat.
[+] File .\Assets\Suit0FacingUp0.bmpx opened for reading.
[+] File size 1078
[+] FileName: Suit0FacingUp0.bmpx
[+] File Suit0FacingUp0.bmpx Successfully added to archive Assets.dat.
[+] File .\Assets\Suit0FacingUp1.bmpx opened for reading.
[+] File size 1078
[+] FileName: Suit0FacingUp1.bmpx
[+] File Suit0FacingUp1.bmpx Successfully added to archive Assets.dat.
[+] File .\Assets\Suit0FacingUp2.bmpx opened for reading.
[+] File size 1078
[+] FileName: Suit0FacingUp2.bmpx
[+] File Suit0FacingUp2.bmpx Successfully added to archive Assets.dat.
[+] File .\Assets\Maps\Overworld01.bmpx opened for reading.
[+] File size 40704054
[+] FileName: Overworld01.bmpx
[+] File Overworld01.bmpx Successfully added to archive Assets.dat.
[+] File .\Assets\NewAdventures.ogg opened for reading.
[+] File size 1059870
[+] FileName: NewAdventures.ogg
[+] File NewAdventures.ogg Successfully added to archive Assets.dat.
[+] File .\Assets\MysteriousDeep.ogg opened for reading.
[+] File size 791567
[+] FileName: MysteriousDeep.ogg
[+] File MysteriousDeep.ogg Successfully added to archive Assets.dat.
[+] File .\Assets\item.wav opened for reading.
[+] File size 11514
[+] FileName: item.wav
[+] File item.wav Successfully added to archive Assets.dat.
[+] File .\Assets\itemshort.wav opened for reading.
[+] File size 10188
[+] FileName: itemshort.wav
[+] File itemshort.wav Successfully added to archive Assets.dat.
[+] File .\Assets\menu.wav opened for reading.
[+] File size 10188
[+] FileName: menu.wav
[+] File menu.wav Successfully added to archive Assets.dat.
[+] File .\Assets\ouch.wav opened for reading.
[+] File size 10370
[+] FileName: ouch.wav
[+] File ouch.wav Successfully added to archive Assets.dat.
[+] File .\Assets\ouchhurt.wav opened for reading.
[+] File size 14070
[+] FileName: ouchhurt.wav
[+] File ouchhurt.wav Successfully added to archive Assets.dat.
[+] File .\Assets\ouchlethal.wav opened for reading.
[+] File size 16874
[+] FileName: ouchlethal.wav
[+] File ouchlethal.wav Successfully added to archive Assets.dat.
[+] File .\Assets\SplashNoise.wav opened for reading.
[+] File size 37554
[+] FileName: SplashNoise.wav
[+] File SplashNoise.wav Successfully added to archive Assets.dat.
[+] File .\Assets\SplashNoise2.wav opened for reading.
[+] File size 45750
[+] FileName: SplashNoise2.wav
[+] File SplashNoise2.wav Successfully added to archive Assets.dat.
[+] File .\Assets\Maps\Overworld01.tmx opened for reading.
[+] File size 80505
[+] FileName: Overworld01.tmx
[+] File Overworld01.tmx Successfully added to archive Assets.dat.
